{"C:\\Proyectos\\JwtAuthService\\src\\config.ts": {"path":"C:\\Proyectos\\JwtAuthService\\src\\config.ts","statementMap":{"0":{"start":{"line":1,"column":0},"end":{"line":1,"column":28}},"1":{"start":{"line":3,"column":0},"end":{"line":3,"column":16}},"2":{"start":{"line":21,"column":4},"end":{"line":21,"column":15}},"3":{"start":{"line":26,"column":4},"end":{"line":26,"column":8}},"4":{"start":{"line":27,"column":4},"end":{"line":27,"column":7}},"5":{"start":{"line":28,"column":4},"end":{"line":28,"column":8}},"6":{"start":{"line":29,"column":4},"end":{"line":29,"column":8}},"7":{"start":{"line":30,"column":4},"end":{"line":30,"column":12}},"8":{"start":{"line":31,"column":4},"end":{"line":31,"column":12}},"9":{"start":{"line":32,"column":4},"end":{"line":32,"column":7}},"10":{"start":{"line":33,"column":4},"end":{"line":33,"column":21}},"11":{"start":{"line":34,"column":4},"end":{"line":34,"column":27}},"12":{"start":{"line":35,"column":4},"end":{"line":35,"column":16}},"13":{"start":{"line":36,"column":4},"end":{"line":36,"column":14}},"14":{"start":{"line":37,"column":4},"end":{"line":37,"column":15}},"15":{"start":{"line":38,"column":4},"end":{"line":38,"column":23}},"16":{"start":{"line":39,"column":4},"end":{"line":39,"column":24}},"17":{"start":{"line":40,"column":4},"end":{"line":40,"column":13}},"18":{"start":{"line":23,"column":0},"end":{"line":23,"column":23}}},"fnMap":{},"branchMap":{},"s":{"0":2,"1":2,"2":2,"3":2,"4":2,"5":2,"6":2,"7":2,"8":2,"9":2,"10":2,"11":2,"12":2,"13":2,"14":2,"15":2,"16":2,"17":2,"18":2},"f":{},"b":{}}
,"C:\\Proyectos\\JwtAuthService\\src\\db.ts": {"path":"C:\\Proyectos\\JwtAuthService\\src\\db.ts","statementMap":{"0":{"start":{"line":1,"column":0},"end":{"line":1,"column":26}},"1":{"start":{"line":2,"column":0},"end":{"line":2,"column":null}},"2":{"start":{"line":12,"column":13},"end":{"line":20,"column":3}}},"fnMap":{},"branchMap":{},"s":{"0":2,"1":2,"2":2},"f":{},"b":{}}
,"C:\\Proyectos\\JwtAuthService\\src\\models\\role.ts": {"path":"C:\\Proyectos\\JwtAuthService\\src\\models\\role.ts","statementMap":{"0":{"start":{"line":2,"column":0},"end":{"line":2,"column":29}},"1":{"start":{"line":5,"column":27},"end":{"line":28,"column":1}},"2":{"start":{"line":6,"column":31},"end":{"line":6,"column":51}},"3":{"start":{"line":7,"column":4},"end":{"line":27,"column":null}},"4":{"start":{"line":8,"column":36},"end":{"line":8,"column":78}},"5":{"start":{"line":10,"column":35},"end":{"line":10,"column":37}},"6":{"start":{"line":11,"column":8},"end":{"line":16,"column":null}},"7":{"start":{"line":12,"column":31},"end":{"line":14,"column":14}},"8":{"start":{"line":15,"column":12},"end":{"line":15,"column":29}},"9":{"start":{"line":18,"column":8},"end":{"line":18,"column":21}},"10":{"start":{"line":20,"column":8},"end":{"line":24,"column":null}},"11":{"start":{"line":21,"column":12},"end":{"line":21,"column":24}},"12":{"start":{"line":23,"column":12},"end":{"line":23,"column":48}},"13":{"start":{"line":26,"column":8},"end":{"line":26,"column":25}},"14":{"start":{"line":5,"column":13},"end":{"line":5,"column":27}}},"fnMap":{"0":{"name":"(anonymous_0)","decl":{"start":{"line":5,"column":27},"end":{"line":5,"column":32}},"loc":{"start":{"line":5,"column":60},"end":{"line":28,"column":1}}}},"branchMap":{"0":{"loc":{"start":{"line":20,"column":8},"end":{"line":24,"column":null}},"type":"if","locations":[{"start":{"line":20,"column":8},"end":{"line":24,"column":null}},{"start":{"line":22,"column":15},"end":{"line":24,"column":null}}]}},"s":{"0":1,"1":1,"2":1,"3":1,"4":1,"5":1,"6":1,"7":2,"8":2,"9":1,"10":0,"11":0,"12":0,"13":1,"14":1},"f":{"0":1},"b":{"0":[0,0]}}
,"C:\\Proyectos\\JwtAuthService\\src\\models\\token.ts": {"path":"C:\\Proyectos\\JwtAuthService\\src\\models\\token.ts","statementMap":{"0":{"start":{"line":1,"column":0},"end":{"line":1,"column":31}},"1":{"start":{"line":2,"column":0},"end":{"line":2,"column":75}},"2":{"start":{"line":4,"column":0},"end":{"line":4,"column":63}},"3":{"start":{"line":7,"column":28},"end":{"line":24,"column":1}},"4":{"start":{"line":8,"column":4},"end":{"line":23,"column":null}},"5":{"start":{"line":9,"column":8},"end":{"line":10,"column":59}},"6":{"start":{"line":10,"column":12},"end":{"line":10,"column":59}},"7":{"start":{"line":11,"column":8},"end":{"line":11,"column":77}},"8":{"start":{"line":13,"column":8},"end":{"line":13,"column":44}},"9":{"start":{"line":14,"column":8},"end":{"line":22,"column":null}},"10":{"start":{"line":15,"column":12},"end":{"line":19,"column":14}},"11":{"start":{"line":21,"column":12},"end":{"line":21,"column":48}},"12":{"start":{"line":26,"column":29},"end":{"line":43,"column":1}},"13":{"start":{"line":27,"column":4},"end":{"line":42,"column":null}},"14":{"start":{"line":28,"column":8},"end":{"line":29,"column":60}},"15":{"start":{"line":29,"column":12},"end":{"line":29,"column":60}},"16":{"start":{"line":30,"column":8},"end":{"line":30,"column":56}},"17":{"start":{"line":32,"column":8},"end":{"line":32,"column":44}},"18":{"start":{"line":33,"column":8},"end":{"line":41,"column":null}},"19":{"start":{"line":34,"column":12},"end":{"line":38,"column":14}},"20":{"start":{"line":40,"column":12},"end":{"line":40,"column":48}},"21":{"start":{"line":45,"column":27},"end":{"line":76,"column":1}},"22":{"start":{"line":49,"column":4},"end":{"line":75,"column":null}},"23":{"start":{"line":50,"column":45},"end":{"line":50,"column":47}},"24":{"start":{"line":51,"column":8},"end":{"line":57,"column":null}},"25":{"start":{"line":52,"column":27},"end":{"line":55,"column":14}},"26":{"start":{"line":56,"column":12},"end":{"line":56,"column":38}},"27":{"start":{"line":59,"column":26},"end":{"line":62,"column":null}},"28":{"start":{"line":65,"column":36},"end":{"line":65,"column":65}},"29":{"start":{"line":67,"column":8},"end":{"line":67,"column":22}},"30":{"start":{"line":69,"column":8},"end":{"line":69,"column":39}},"31":{"start":{"line":70,"column":8},"end":{"line":74,"column":null}},"32":{"start":{"line":71,"column":12},"end":{"line":71,"column":24}},"33":{"start":{"line":73,"column":12},"end":{"line":73,"column":48}},"34":{"start":{"line":45,"column":13},"end":{"line":45,"column":27}},"35":{"start":{"line":78,"column":24},"end":{"line":110,"column":1}},"36":{"start":{"line":82,"column":4},"end":{"line":109,"column":null}},"37":{"start":{"line":83,"column":28},"end":{"line":83,"column":53}},"38":{"start":{"line":84,"column":29},"end":{"line":84,"column":55}},"39":{"start":{"line":86,"column":22},"end":{"line":90,"column":10}},"40":{"start":{"line":92,"column":8},"end":{"line":92,"column":41}},"41":{"start":{"line":94,"column":8},"end":{"line":97,"column":10}},"42":{"start":{"line":99,"column":8},"end":{"line":99,"column":44}},"43":{"start":{"line":100,"column":8},"end":{"line":108,"column":null}},"44":{"start":{"line":101,"column":12},"end":{"line":105,"column":14}},"45":{"start":{"line":107,"column":12},"end":{"line":107,"column":48}},"46":{"start":{"line":78,"column":13},"end":{"line":78,"column":24}}},"fnMap":{"0":{"name":"(anonymous_1)","decl":{"start":{"line":7,"column":28},"end":{"line":7,"column":29}},"loc":{"start":{"line":7,"column":53},"end":{"line":24,"column":1}}},"1":{"name":"(anonymous_2)","decl":{"start":{"line":26,"column":29},"end":{"line":26,"column":30}},"loc":{"start":{"line":26,"column":54},"end":{"line":43,"column":1}}},"2":{"name":"(anonymous_3)","decl":{"start":{"line":45,"column":27},"end":{"line":45,"column":32}},"loc":{"start":{"line":48,"column":26},"end":{"line":76,"column":1}}},"3":{"name":"(anonymous_4)","decl":{"start":{"line":78,"column":24},"end":{"line":78,"column":29}},"loc":{"start":{"line":81,"column":26},"end":{"line":110,"column":1}}}},"branchMap":{"0":{"loc":{"start":{"line":9,"column":8},"end":{"line":10,"column":59}},"type":"if","locations":[{"start":{"line":9,"column":8},"end":{"line":10,"column":59}}]},"1":{"loc":{"start":{"line":13,"column":8},"end":{"line":13,"column":43}},"type":"binary-expr","locations":[{"start":{"line":13,"column":8},"end":{"line":13,"column":21}},{"start":{"line":13,"column":25},"end":{"line":13,"column":43}}]},"2":{"loc":{"start":{"line":14,"column":8},"end":{"line":22,"column":null}},"type":"if","locations":[{"start":{"line":14,"column":8},"end":{"line":22,"column":null}},{"start":{"line":20,"column":15},"end":{"line":22,"column":null}}]},"3":{"loc":{"start":{"line":17,"column":20},"end":{"line":17,"column":null}},"type":"cond-expr","locations":[{"start":{"line":17,"column":36},"end":{"line":17,"column":68}},{"start":{"line":17,"column":71},"end":{"line":17,"column":null}}]},"4":{"loc":{"start":{"line":28,"column":8},"end":{"line":29,"column":60}},"type":"if","locations":[{"start":{"line":28,"column":8},"end":{"line":29,"column":60}}]},"5":{"loc":{"start":{"line":32,"column":8},"end":{"line":32,"column":43}},"type":"binary-expr","locations":[{"start":{"line":32,"column":8},"end":{"line":32,"column":21}},{"start":{"line":32,"column":25},"end":{"line":32,"column":43}}]},"6":{"loc":{"start":{"line":33,"column":8},"end":{"line":41,"column":null}},"type":"if","locations":[{"start":{"line":33,"column":8},"end":{"line":41,"column":null}},{"start":{"line":39,"column":15},"end":{"line":41,"column":null}}]},"7":{"loc":{"start":{"line":36,"column":20},"end":{"line":36,"column":null}},"type":"cond-expr","locations":[{"start":{"line":36,"column":36},"end":{"line":36,"column":68}},{"start":{"line":36,"column":71},"end":{"line":36,"column":null}}]},"8":{"loc":{"start":{"line":70,"column":8},"end":{"line":74,"column":null}},"type":"if","locations":[{"start":{"line":70,"column":8},"end":{"line":74,"column":null}},{"start":{"line":72,"column":15},"end":{"line":74,"column":null}}]},"9":{"loc":{"start":{"line":99,"column":8},"end":{"line":99,"column":43}},"type":"binary-expr","locations":[{"start":{"line":99,"column":8},"end":{"line":99,"column":21}},{"start":{"line":99,"column":25},"end":{"line":99,"column":43}}]},"10":{"loc":{"start":{"line":100,"column":8},"end":{"line":108,"column":null}},"type":"if","locations":[{"start":{"line":100,"column":8},"end":{"line":108,"column":null}},{"start":{"line":106,"column":15},"end":{"line":108,"column":null}}]},"11":{"loc":{"start":{"line":103,"column":20},"end":{"line":103,"column":null}},"type":"cond-expr","locations":[{"start":{"line":103,"column":36},"end":{"line":103,"column":68}},{"start":{"line":103,"column":71},"end":{"line":103,"column":null}}]}},"s":{"0":1,"1":1,"2":1,"3":1,"4":1,"5":1,"6":0,"7":1,"8":0,"9":0,"10":0,"11":0,"12":1,"13":1,"14":1,"15":0,"16":1,"17":0,"18":0,"19":0,"20":0,"21":1,"22":1,"23":1,"24":1,"25":3,"26":3,"27":1,"28":1,"29":1,"30":0,"31":0,"32":0,"33":0,"34":1,"35":1,"36":1,"37":1,"38":1,"39":1,"40":1,"41":1,"42":0,"43":0,"44":0,"45":0,"46":1},"f":{"0":1,"1":1,"2":1,"3":1},"b":{"0":[0],"1":[0,0],"2":[0,0],"3":[0,0],"4":[0],"5":[0,0],"6":[0,0],"7":[0,0],"8":[0,0],"9":[0,0],"10":[0,0],"11":[0,0]}}
,"C:\\Proyectos\\JwtAuthService\\src\\models\\user.ts": {"path":"C:\\Proyectos\\JwtAuthService\\src\\models\\user.ts","statementMap":{"0":{"start":{"line":10,"column":0},"end":{"line":10,"column":29}},"1":{"start":{"line":12,"column":0},"end":{"line":12,"column":null}},"2":{"start":{"line":16,"column":0},"end":{"line":16,"column":33}},"3":{"start":{"line":17,"column":0},"end":{"line":17,"column":58}},"4":{"start":{"line":18,"column":0},"end":{"line":18,"column":35}},"5":{"start":{"line":20,"column":22},"end":{"line":49,"column":1}},"6":{"start":{"line":23,"column":31},"end":{"line":23,"column":51}},"7":{"start":{"line":24,"column":4},"end":{"line":48,"column":null}},"8":{"start":{"line":25,"column":8},"end":{"line":25,"column":36}},"9":{"start":{"line":26,"column":39},"end":{"line":26,"column":66}},"10":{"start":{"line":28,"column":41},"end":{"line":32,"column":10}},"11":{"start":{"line":34,"column":36},"end":{"line":34,"column":65}},"12":{"start":{"line":36,"column":8},"end":{"line":36,"column":37}},"13":{"start":{"line":38,"column":8},"end":{"line":38,"column":22}},"14":{"start":{"line":40,"column":8},"end":{"line":40,"column":39}},"15":{"start":{"line":41,"column":8},"end":{"line":45,"column":null}},"16":{"start":{"line":42,"column":12},"end":{"line":42,"column":24}},"17":{"start":{"line":44,"column":12},"end":{"line":44,"column":48}},"18":{"start":{"line":47,"column":8},"end":{"line":47,"column":25}},"19":{"start":{"line":20,"column":13},"end":{"line":20,"column":22}},"20":{"start":{"line":51,"column":27},"end":{"line":72,"column":1}},"21":{"start":{"line":52,"column":31},"end":{"line":52,"column":51}},"22":{"start":{"line":53,"column":4},"end":{"line":71,"column":null}},"23":{"start":{"line":54,"column":36},"end":{"line":54,"column":78}},"24":{"start":{"line":55,"column":35},"end":{"line":55,"column":37}},"25":{"start":{"line":56,"column":8},"end":{"line":61,"column":null}},"26":{"start":{"line":57,"column":31},"end":{"line":59,"column":14}},"27":{"start":{"line":60,"column":12},"end":{"line":60,"column":29}},"28":{"start":{"line":62,"column":8},"end":{"line":62,"column":21}},"29":{"start":{"line":64,"column":8},"end":{"line":68,"column":null}},"30":{"start":{"line":65,"column":12},"end":{"line":65,"column":24}},"31":{"start":{"line":67,"column":12},"end":{"line":67,"column":48}},"32":{"start":{"line":70,"column":8},"end":{"line":70,"column":25}},"33":{"start":{"line":51,"column":13},"end":{"line":51,"column":27}},"34":{"start":{"line":74,"column":27},"end":{"line":104,"column":1}},"35":{"start":{"line":78,"column":31},"end":{"line":78,"column":51}},"36":{"start":{"line":79,"column":4},"end":{"line":103,"column":null}},"37":{"start":{"line":80,"column":22},"end":{"line":84,"column":null}},"38":{"start":{"line":86,"column":36},"end":{"line":86,"column":61}},"39":{"start":{"line":87,"column":35},"end":{"line":87,"column":37}},"40":{"start":{"line":88,"column":8},"end":{"line":93,"column":null}},"41":{"start":{"line":89,"column":31},"end":{"line":91,"column":14}},"42":{"start":{"line":92,"column":12},"end":{"line":92,"column":29}},"43":{"start":{"line":94,"column":8},"end":{"line":94,"column":21}},"44":{"start":{"line":96,"column":8},"end":{"line":100,"column":null}},"45":{"start":{"line":97,"column":12},"end":{"line":97,"column":24}},"46":{"start":{"line":99,"column":12},"end":{"line":99,"column":48}},"47":{"start":{"line":102,"column":8},"end":{"line":102,"column":25}},"48":{"start":{"line":74,"column":13},"end":{"line":74,"column":27}},"49":{"start":{"line":106,"column":27},"end":{"line":170,"column":1}},"50":{"start":{"line":111,"column":31},"end":{"line":111,"column":51}},"51":{"start":{"line":112,"column":4},"end":{"line":169,"column":null}},"52":{"start":{"line":113,"column":29},"end":{"line":113,"column":50}},"53":{"start":{"line":114,"column":8},"end":{"line":114,"column":30}},"54":{"start":{"line":115,"column":8},"end":{"line":156,"column":null}},"55":{"start":{"line":116,"column":32},"end":{"line":116,"column":39}},"56":{"start":{"line":117,"column":52},"end":{"line":123,"column":14}},"57":{"start":{"line":126,"column":16},"end":{"line":127,"column":null}},"58":{"start":{"line":127,"column":33},"end":{"line":127,"column":60}},"59":{"start":{"line":130,"column":12},"end":{"line":130,"column":42}},"60":{"start":{"line":132,"column":12},"end":{"line":135,"column":18}},"61":{"start":{"line":133,"column":16},"end":{"line":135,"column":18}},"62":{"start":{"line":137,"column":54},"end":{"line":137,"column":56}},"63":{"start":{"line":138,"column":12},"end":{"line":144,"column":null}},"64":{"start":{"line":139,"column":45},"end":{"line":142,"column":18}},"65":{"start":{"line":143,"column":16},"end":{"line":143,"column":42}},"66":{"start":{"line":146,"column":55},"end":{"line":150,"column":null}},"67":{"start":{"line":153,"column":40},"end":{"line":153,"column":79}},"68":{"start":{"line":155,"column":12},"end":{"line":155,"column":50}},"69":{"start":{"line":158,"column":8},"end":{"line":158,"column":37}},"70":{"start":{"line":159,"column":8},"end":{"line":159,"column":30}},"71":{"start":{"line":161,"column":8},"end":{"line":161,"column":39}},"72":{"start":{"line":162,"column":8},"end":{"line":166,"column":null}},"73":{"start":{"line":163,"column":12},"end":{"line":163,"column":24}},"74":{"start":{"line":165,"column":12},"end":{"line":165,"column":48}},"75":{"start":{"line":168,"column":8},"end":{"line":168,"column":25}},"76":{"start":{"line":106,"column":13},"end":{"line":106,"column":27}},"77":{"start":{"line":172,"column":22},"end":{"line":233,"column":1}},"78":{"start":{"line":175,"column":31},"end":{"line":175,"column":51}},"79":{"start":{"line":176,"column":4},"end":{"line":232,"column":null}},"80":{"start":{"line":177,"column":8},"end":{"line":177,"column":30}},"81":{"start":{"line":178,"column":35},"end":{"line":178,"column":46}},"82":{"start":{"line":179,"column":48},"end":{"line":185,"column":10}},"83":{"start":{"line":186,"column":37},"end":{"line":190,"column":null}},"84":{"start":{"line":192,"column":36},"end":{"line":192,"column":61}},"85":{"start":{"line":194,"column":47},"end":{"line":199,"column":10}},"86":{"start":{"line":201,"column":8},"end":{"line":219,"column":null}},"87":{"start":{"line":202,"column":29},"end":{"line":202,"column":67}},"88":{"start":{"line":203,"column":12},"end":{"line":212,"column":null}},"89":{"start":{"line":204,"column":16},"end":{"line":204,"column":46}},"90":{"start":{"line":205,"column":16},"end":{"line":205,"column":65}},"91":{"start":{"line":206,"column":16},"end":{"line":206,"column":70}},"92":{"start":{"line":207,"column":16},"end":{"line":207,"column":79}},"93":{"start":{"line":209,"column":16},"end":{"line":209,"column":47}},"94":{"start":{"line":210,"column":16},"end":{"line":210,"column":75}},"95":{"start":{"line":211,"column":16},"end":{"line":211,"column":49}},"96":{"start":{"line":214,"column":12},"end":{"line":214,"column":43}},"97":{"start":{"line":215,"column":12},"end":{"line":217,"column":68}},"98":{"start":{"line":218,"column":12},"end":{"line":218,"column":45}},"99":{"start":{"line":220,"column":8},"end":{"line":220,"column":37}},"100":{"start":{"line":222,"column":8},"end":{"line":222,"column":30}},"101":{"start":{"line":224,"column":8},"end":{"line":224,"column":39}},"102":{"start":{"line":225,"column":8},"end":{"line":229,"column":null}},"103":{"start":{"line":226,"column":12},"end":{"line":226,"column":24}},"104":{"start":{"line":228,"column":12},"end":{"line":228,"column":48}},"105":{"start":{"line":231,"column":8},"end":{"line":231,"column":25}},"106":{"start":{"line":172,"column":13},"end":{"line":172,"column":22}}},"fnMap":{"0":{"name":"(anonymous_0)","decl":{"start":{"line":20,"column":22},"end":{"line":20,"column":27}},"loc":{"start":{"line":22,"column":26},"end":{"line":49,"column":1}}},"1":{"name":"(anonymous_1)","decl":{"start":{"line":51,"column":27},"end":{"line":51,"column":32}},"loc":{"start":{"line":51,"column":38},"end":{"line":72,"column":1}}},"2":{"name":"(anonymous_2)","decl":{"start":{"line":74,"column":27},"end":{"line":74,"column":32}},"loc":{"start":{"line":77,"column":26},"end":{"line":104,"column":1}}},"3":{"name":"(anonymous_3)","decl":{"start":{"line":106,"column":27},"end":{"line":106,"column":32}},"loc":{"start":{"line":110,"column":21},"end":{"line":170,"column":1}}},"4":{"name":"(anonymous_4)","decl":{"start":{"line":127,"column":20},"end":{"line":127,"column":21}},"loc":{"start":{"line":127,"column":33},"end":{"line":127,"column":60}}},"5":{"name":"(anonymous_5)","decl":{"start":{"line":172,"column":22},"end":{"line":172,"column":27}},"loc":{"start":{"line":174,"column":29},"end":{"line":233,"column":1}}}},"branchMap":{"0":{"loc":{"start":{"line":41,"column":8},"end":{"line":45,"column":null}},"type":"if","locations":[{"start":{"line":41,"column":8},"end":{"line":45,"column":null}},{"start":{"line":43,"column":15},"end":{"line":45,"column":null}}]},"1":{"loc":{"start":{"line":64,"column":8},"end":{"line":68,"column":null}},"type":"if","locations":[{"start":{"line":64,"column":8},"end":{"line":68,"column":null}},{"start":{"line":66,"column":15},"end":{"line":68,"column":null}}]},"2":{"loc":{"start":{"line":96,"column":8},"end":{"line":100,"column":null}},"type":"if","locations":[{"start":{"line":96,"column":8},"end":{"line":100,"column":null}},{"start":{"line":98,"column":15},"end":{"line":100,"column":null}}]},"3":{"loc":{"start":{"line":132,"column":12},"end":{"line":135,"column":18}},"type":"if","locations":[{"start":{"line":132,"column":12},"end":{"line":135,"column":18}}]},"4":{"loc":{"start":{"line":155,"column":12},"end":{"line":155,"column":49}},"type":"binary-expr","locations":[{"start":{"line":155,"column":12},"end":{"line":155,"column":31}},{"start":{"line":155,"column":35},"end":{"line":155,"column":49}}]},"5":{"loc":{"start":{"line":162,"column":8},"end":{"line":166,"column":null}},"type":"if","locations":[{"start":{"line":162,"column":8},"end":{"line":166,"column":null}},{"start":{"line":164,"column":15},"end":{"line":166,"column":null}}]},"6":{"loc":{"start":{"line":201,"column":8},"end":{"line":219,"column":null}},"type":"if","locations":[{"start":{"line":201,"column":8},"end":{"line":219,"column":null}},{"start":{"line":213,"column":15},"end":{"line":219,"column":null}}]},"7":{"loc":{"start":{"line":203,"column":12},"end":{"line":212,"column":null}},"type":"if","locations":[{"start":{"line":203,"column":12},"end":{"line":212,"column":null}},{"start":{"line":208,"column":19},"end":{"line":212,"column":null}}]},"8":{"loc":{"start":{"line":225,"column":8},"end":{"line":229,"column":null}},"type":"if","locations":[{"start":{"line":225,"column":8},"end":{"line":229,"column":null}},{"start":{"line":227,"column":15},"end":{"line":229,"column":null}}]}},"s":{"0":1,"1":1,"2":1,"3":1,"4":1,"5":1,"6":0,"7":0,"8":0,"9":0,"10":0,"11":0,"12":0,"13":0,"14":0,"15":0,"16":0,"17":0,"18":0,"19":1,"20":1,"21":0,"22":0,"23":0,"24":0,"25":0,"26":0,"27":0,"28":0,"29":0,"30":0,"31":0,"32":0,"33":1,"34":1,"35":0,"36":0,"37":0,"38":0,"39":0,"40":0,"41":0,"42":0,"43":0,"44":0,"45":0,"46":0,"47":0,"48":1,"49":1,"50":0,"51":0,"52":0,"53":0,"54":0,"55":0,"56":0,"57":0,"58":0,"59":0,"60":0,"61":0,"62":0,"63":0,"64":0,"65":0,"66":0,"67":0,"68":0,"69":0,"70":0,"71":0,"72":0,"73":0,"74":0,"75":0,"76":1,"77":1,"78":3,"79":3,"80":3,"81":3,"82":3,"83":3,"84":3,"85":3,"86":3,"87":2,"88":2,"89":1,"90":1,"91":1,"92":1,"93":1,"94":1,"95":1,"96":1,"97":1,"98":1,"99":3,"100":3,"101":0,"102":0,"103":0,"104":0,"105":3,"106":1},"f":{"0":0,"1":0,"2":0,"3":0,"4":0,"5":3},"b":{"0":[0,0],"1":[0,0],"2":[0,0],"3":[0],"4":[0,0],"5":[0,0],"6":[2,1],"7":[1,1],"8":[0,0]}}
,"C:\\Proyectos\\JwtAuthService\\src\\services\\general.ts": {"path":"C:\\Proyectos\\JwtAuthService\\src\\services\\general.ts","statementMap":{"0":{"start":{"line":1,"column":24},"end":{"line":3,"column":1}},"1":{"start":{"line":2,"column":4},"end":{"line":2,"column":49}},"2":{"start":{"line":1,"column":13},"end":{"line":1,"column":24}},"3":{"start":{"line":5,"column":22},"end":{"line":7,"column":1}},"4":{"start":{"line":6,"column":4},"end":{"line":6,"column":48}},"5":{"start":{"line":5,"column":13},"end":{"line":5,"column":22}},"6":{"start":{"line":9,"column":25},"end":{"line":11,"column":1}},"7":{"start":{"line":10,"column":4},"end":{"line":10,"column":55}},"8":{"start":{"line":9,"column":13},"end":{"line":9,"column":25}},"9":{"start":{"line":13,"column":24},"end":{"line":15,"column":1}},"10":{"start":{"line":14,"column":4},"end":{"line":14,"column":46}},"11":{"start":{"line":13,"column":13},"end":{"line":13,"column":24}},"12":{"start":{"line":17,"column":35},"end":{"line":23,"column":1}},"13":{"start":{"line":18,"column":23},"end":{"line":18,"column":24}},"14":{"start":{"line":19,"column":4},"end":{"line":22,"column":6}},"15":{"start":{"line":20,"column":8},"end":{"line":20,"column":26}},"16":{"start":{"line":21,"column":8},"end":{"line":21,"column":28}},"17":{"start":{"line":17,"column":13},"end":{"line":17,"column":35}}},"fnMap":{"0":{"name":"(anonymous_0)","decl":{"start":{"line":1,"column":24},"end":{"line":1,"column":25}},"loc":{"start":{"line":1,"column":60},"end":{"line":3,"column":1}}},"1":{"name":"(anonymous_1)","decl":{"start":{"line":5,"column":22},"end":{"line":5,"column":23}},"loc":{"start":{"line":5,"column":59},"end":{"line":7,"column":1}}},"2":{"name":"(anonymous_2)","decl":{"start":{"line":9,"column":25},"end":{"line":9,"column":26}},"loc":{"start":{"line":9,"column":64},"end":{"line":11,"column":1}}},"3":{"name":"(anonymous_3)","decl":{"start":{"line":13,"column":24},"end":{"line":13,"column":25}},"loc":{"start":{"line":13,"column":60},"end":{"line":15,"column":1}}},"4":{"name":"(anonymous_4)","decl":{"start":{"line":17,"column":35},"end":{"line":17,"column":38}},"loc":{"start":{"line":17,"column":40},"end":{"line":23,"column":1}}},"5":{"name":"(anonymous_5)","decl":{"start":{"line":19,"column":11},"end":{"line":19,"column":22}},"loc":{"start":{"line":19,"column":24},"end":{"line":22,"column":5}}}},"branchMap":{},"s":{"0":1,"1":0,"2":1,"3":1,"4":0,"5":1,"6":1,"7":0,"8":1,"9":1,"10":0,"11":1,"12":1,"13":0,"14":0,"15":0,"16":0,"17":1},"f":{"0":0,"1":0,"2":0,"3":0,"4":0,"5":0},"b":{}}
,"C:\\Proyectos\\JwtAuthService\\src\\services\\queryDesigner.ts": {"path":"C:\\Proyectos\\JwtAuthService\\src\\services\\queryDesigner.ts","statementMap":{"0":{"start":{"line":8,"column":0},"end":{"line":8,"column":43}},"1":{"start":{"line":10,"column":31},"end":{"line":25,"column":1}},"2":{"start":{"line":15,"column":45},"end":{"line":15,"column":59}},"3":{"start":{"line":16,"column":4},"end":{"line":24,"column":12}},"4":{"start":{"line":10,"column":13},"end":{"line":10,"column":31}},"5":{"start":{"line":27,"column":31},"end":{"line":39,"column":1}},"6":{"start":{"line":32,"column":4},"end":{"line":38,"column":12}},"7":{"start":{"line":27,"column":13},"end":{"line":27,"column":31}},"8":{"start":{"line":41,"column":39},"end":{"line":49,"column":1}},"9":{"start":{"line":45,"column":20},"end":{"line":45,"column":34}},"10":{"start":{"line":46,"column":4},"end":{"line":48,"column":67}},"11":{"start":{"line":41,"column":13},"end":{"line":41,"column":39}},"12":{"start":{"line":51,"column":30},"end":{"line":58,"column":1}},"13":{"start":{"line":55,"column":4},"end":{"line":57,"column":65}},"14":{"start":{"line":51,"column":13},"end":{"line":51,"column":30}},"15":{"start":{"line":60,"column":29},"end":{"line":74,"column":1}},"16":{"start":{"line":64,"column":45},"end":{"line":64,"column":57}},"17":{"start":{"line":65,"column":4},"end":{"line":73,"column":13}},"18":{"start":{"line":60,"column":13},"end":{"line":60,"column":29}},"19":{"start":{"line":76,"column":35},"end":{"line":87,"column":1}},"20":{"start":{"line":80,"column":52},"end":{"line":80,"column":66}},"21":{"start":{"line":81,"column":4},"end":{"line":86,"column":12}},"22":{"start":{"line":76,"column":13},"end":{"line":76,"column":35}},"23":{"start":{"line":89,"column":34},"end":{"line":116,"column":1}},"24":{"start":{"line":96,"column":17},"end":{"line":100,"column":6}},"25":{"start":{"line":101,"column":19},"end":{"line":101,"column":21}},"26":{"start":{"line":103,"column":4},"end":{"line":107,"column":null}},"27":{"start":{"line":104,"column":8},"end":{"line":106,"column":null}},"28":{"start":{"line":105,"column":12},"end":{"line":105,"column":39}},"29":{"start":{"line":109,"column":41},"end":{"line":113,"column":6}},"30":{"start":{"line":115,"column":4},"end":{"line":115,"column":25}},"31":{"start":{"line":89,"column":13},"end":{"line":89,"column":34}},"32":{"start":{"line":118,"column":30},"end":{"line":126,"column":1}},"33":{"start":{"line":122,"column":20},"end":{"line":122,"column":39}},"34":{"start":{"line":123,"column":4},"end":{"line":125,"column":77}},"35":{"start":{"line":118,"column":13},"end":{"line":118,"column":30}},"36":{"start":{"line":128,"column":34},"end":{"line":155,"column":1}},"37":{"start":{"line":134,"column":17},"end":{"line":137,"column":69}},"38":{"start":{"line":138,"column":19},"end":{"line":138,"column":21}},"39":{"start":{"line":140,"column":4},"end":{"line":142,"column":null}},"40":{"start":{"line":141,"column":8},"end":{"line":141,"column":35}},"41":{"start":{"line":144,"column":4},"end":{"line":146,"column":null}},"42":{"start":{"line":145,"column":8},"end":{"line":145,"column":35}},"43":{"start":{"line":148,"column":41},"end":{"line":152,"column":6}},"44":{"start":{"line":154,"column":4},"end":{"line":154,"column":25}},"45":{"start":{"line":128,"column":13},"end":{"line":128,"column":34}},"46":{"start":{"line":157,"column":34},"end":{"line":187,"column":1}},"47":{"start":{"line":162,"column":4},"end":{"line":186,"column":null}},"48":{"start":{"line":163,"column":21},"end":{"line":166,"column":55}},"49":{"start":{"line":167,"column":23},"end":{"line":167,"column":25}},"50":{"start":{"line":169,"column":8},"end":{"line":171,"column":null}},"51":{"start":{"line":170,"column":12},"end":{"line":170,"column":39}},"52":{"start":{"line":173,"column":8},"end":{"line":177,"column":10}},"53":{"start":{"line":179,"column":8},"end":{"line":185,"column":null}},"54":{"start":{"line":180,"column":12},"end":{"line":182,"column":14}},"55":{"start":{"line":184,"column":12},"end":{"line":184,"column":48}},"56":{"start":{"line":157,"column":13},"end":{"line":157,"column":34}},"57":{"start":{"line":190,"column":30},"end":{"line":205,"column":1}},"58":{"start":{"line":191,"column":4},"end":{"line":204,"column":null}},"59":{"start":{"line":192,"column":8},"end":{"line":194,"column":43}},"60":{"start":{"line":196,"column":8},"end":{"line":196,"column":44}},"61":{"start":{"line":197,"column":8},"end":{"line":203,"column":null}},"62":{"start":{"line":198,"column":12},"end":{"line":200,"column":14}},"63":{"start":{"line":202,"column":12},"end":{"line":202,"column":48}},"64":{"start":{"line":190,"column":13},"end":{"line":190,"column":30}}},"fnMap":{"0":{"name":"(anonymous_0)","decl":{"start":{"line":10,"column":31},"end":{"line":10,"column":null}},"loc":{"start":{"line":14,"column":12},"end":{"line":25,"column":1}}},"1":{"name":"(anonymous_1)","decl":{"start":{"line":27,"column":31},"end":{"line":27,"column":null}},"loc":{"start":{"line":31,"column":12},"end":{"line":39,"column":1}}},"2":{"name":"(anonymous_2)","decl":{"start":{"line":41,"column":39},"end":{"line":41,"column":null}},"loc":{"start":{"line":44,"column":12},"end":{"line":49,"column":1}}},"3":{"name":"(anonymous_3)","decl":{"start":{"line":51,"column":30},"end":{"line":51,"column":null}},"loc":{"start":{"line":54,"column":12},"end":{"line":58,"column":1}}},"4":{"name":"(anonymous_4)","decl":{"start":{"line":60,"column":29},"end":{"line":60,"column":null}},"loc":{"start":{"line":63,"column":12},"end":{"line":74,"column":1}}},"5":{"name":"(anonymous_5)","decl":{"start":{"line":76,"column":35},"end":{"line":76,"column":null}},"loc":{"start":{"line":79,"column":12},"end":{"line":87,"column":1}}},"6":{"name":"(anonymous_6)","decl":{"start":{"line":89,"column":34},"end":{"line":89,"column":null}},"loc":{"start":{"line":95,"column":19},"end":{"line":116,"column":1}}},"7":{"name":"(anonymous_7)","decl":{"start":{"line":118,"column":30},"end":{"line":118,"column":null}},"loc":{"start":{"line":121,"column":12},"end":{"line":126,"column":1}}},"8":{"name":"(anonymous_8)","decl":{"start":{"line":128,"column":34},"end":{"line":128,"column":null}},"loc":{"start":{"line":133,"column":19},"end":{"line":155,"column":1}}},"9":{"name":"(anonymous_9)","decl":{"start":{"line":157,"column":34},"end":{"line":157,"column":null}},"loc":{"start":{"line":161,"column":19},"end":{"line":187,"column":1}}},"10":{"name":"(anonymous_10)","decl":{"start":{"line":190,"column":30},"end":{"line":190,"column":35}},"loc":{"start":{"line":190,"column":59},"end":{"line":205,"column":1}}}},"branchMap":{"0":{"loc":{"start":{"line":13,"column":4},"end":{"line":13,"column":46}},"type":"default-arg","locations":[{"start":{"line":13,"column":37},"end":{"line":13,"column":46}}]},"1":{"loc":{"start":{"line":16,"column":11},"end":{"line":24,"column":11}},"type":"cond-expr","locations":[{"start":{"line":17,"column":10},"end":{"line":17,"column":71}},{"start":{"line":18,"column":10},"end":{"line":24,"column":11}}]},"2":{"loc":{"start":{"line":17,"column":33},"end":{"line":17,"column":69}},"type":"cond-expr","locations":[{"start":{"line":17,"column":47},"end":{"line":17,"column":56}},{"start":{"line":17,"column":59},"end":{"line":17,"column":69}}]},"3":{"loc":{"start":{"line":19,"column":12},"end":{"line":19,"column":null}},"type":"cond-expr","locations":[{"start":{"line":19,"column":26},"end":{"line":19,"column":35}},{"start":{"line":19,"column":38},"end":{"line":19,"column":null}}]},"4":{"loc":{"start":{"line":23,"column":12},"end":{"line":23,"column":52}},"type":"cond-expr","locations":[{"start":{"line":23,"column":26},"end":{"line":23,"column":35}},{"start":{"line":23,"column":38},"end":{"line":23,"column":52}}]},"5":{"loc":{"start":{"line":32,"column":11},"end":{"line":38,"column":11}},"type":"cond-expr","locations":[{"start":{"line":33,"column":10},"end":{"line":33,"column":46}},{"start":{"line":34,"column":10},"end":{"line":38,"column":11}}]},"6":{"loc":{"start":{"line":46,"column":11},"end":{"line":48,"column":66}},"type":"cond-expr","locations":[{"start":{"line":47,"column":10},"end":{"line":47,"column":18}},{"start":{"line":48,"column":10},"end":{"line":48,"column":66}}]},"7":{"loc":{"start":{"line":55,"column":11},"end":{"line":57,"column":64}},"type":"cond-expr","locations":[{"start":{"line":56,"column":10},"end":{"line":56,"column":25}},{"start":{"line":57,"column":10},"end":{"line":57,"column":64}}]},"8":{"loc":{"start":{"line":65,"column":11},"end":{"line":73,"column":12}},"type":"cond-expr","locations":[{"start":{"line":66,"column":10},"end":{"line":69,"column":46}},{"start":{"line":70,"column":10},"end":{"line":73,"column":12}}]},"9":{"loc":{"start":{"line":81,"column":11},"end":{"line":86,"column":11}},"type":"cond-expr","locations":[{"start":{"line":82,"column":10},"end":{"line":82,"column":39}},{"start":{"line":83,"column":10},"end":{"line":86,"column":11}}]},"10":{"loc":{"start":{"line":94,"column":4},"end":{"line":94,"column":55}},"type":"default-arg","locations":[{"start":{"line":94,"column":46},"end":{"line":94,"column":55}}]},"11":{"loc":{"start":{"line":97,"column":8},"end":{"line":97,"column":null}},"type":"cond-expr","locations":[{"start":{"line":97,"column":18},"end":{"line":97,"column":56}},{"start":{"line":97,"column":59},"end":{"line":97,"column":null}}]},"12":{"loc":{"start":{"line":98,"column":28},"end":{"line":98,"column":64}},"type":"cond-expr","locations":[{"start":{"line":98,"column":36},"end":{"line":98,"column":59}},{"start":{"line":98,"column":62},"end":{"line":98,"column":64}}]},"13":{"loc":{"start":{"line":99,"column":8},"end":{"line":99,"column":null}},"type":"cond-expr","locations":[{"start":{"line":99,"column":18},"end":{"line":99,"column":56}},{"start":{"line":99,"column":59},"end":{"line":99,"column":null}}]},"14":{"loc":{"start":{"line":103,"column":4},"end":{"line":107,"column":null}},"type":"if","locations":[{"start":{"line":103,"column":4},"end":{"line":107,"column":null}}]},"15":{"loc":{"start":{"line":123,"column":11},"end":{"line":125,"column":76}},"type":"cond-expr","locations":[{"start":{"line":124,"column":10},"end":{"line":124,"column":34}},{"start":{"line":125,"column":10},"end":{"line":125,"column":76}}]},"16":{"loc":{"start":{"line":179,"column":8},"end":{"line":185,"column":null}},"type":"if","locations":[{"start":{"line":179,"column":8},"end":{"line":185,"column":null}},{"start":{"line":183,"column":15},"end":{"line":185,"column":null}}]},"17":{"loc":{"start":{"line":192,"column":8},"end":{"line":194,"column":42}},"type":"cond-expr","locations":[{"start":{"line":193,"column":14},"end":{"line":193,"column":44}},{"start":{"line":194,"column":14},"end":{"line":194,"column":42}}]},"18":{"loc":{"start":{"line":196,"column":8},"end":{"line":196,"column":43}},"type":"binary-expr","locations":[{"start":{"line":196,"column":8},"end":{"line":196,"column":21}},{"start":{"line":196,"column":25},"end":{"line":196,"column":43}}]},"19":{"loc":{"start":{"line":197,"column":8},"end":{"line":203,"column":null}},"type":"if","locations":[{"start":{"line":197,"column":8},"end":{"line":203,"column":null}},{"start":{"line":201,"column":15},"end":{"line":203,"column":null}}]}},"s":{"0":1,"1":1,"2":3,"3":3,"4":1,"5":1,"6":12,"7":1,"8":1,"9":3,"10":3,"11":1,"12":1,"13":3,"14":1,"15":1,"16":0,"17":0,"18":1,"19":1,"20":0,"21":0,"22":1,"23":1,"24":3,"25":3,"26":3,"27":3,"28":3,"29":3,"30":3,"31":1,"32":1,"33":0,"34":0,"35":1,"36":1,"37":0,"38":0,"39":0,"40":0,"41":0,"42":0,"43":0,"44":0,"45":1,"46":1,"47":1,"48":1,"49":1,"50":1,"51":3,"52":1,"53":0,"54":0,"55":0,"56":1,"57":1,"58":0,"59":0,"60":0,"61":0,"62":0,"63":0,"64":1},"f":{"0":3,"1":12,"2":3,"3":3,"4":0,"5":0,"6":3,"7":0,"8":0,"9":1,"10":0},"b":{"0":[3],"1":[3,0],"2":[3,0],"3":[0,0],"4":[0,0],"5":[3,9],"6":[1,2],"7":[1,2],"8":[0,0],"9":[0,0],"10":[3],"11":[3,0],"12":[0,3],"13":[3,0],"14":[3],"15":[0,0],"16":[0,0],"17":[0,0],"18":[0,0],"19":[0,0]}}
}
