TN:
SF:src\config.ts
FNF:0
FNH:0
DA:1,2
DA:3,2
DA:21,2
DA:23,2
DA:26,2
DA:27,2
DA:28,2
DA:29,2
DA:30,2
DA:31,2
DA:32,2
DA:33,2
DA:34,2
DA:35,2
DA:36,2
DA:37,2
DA:38,2
DA:39,2
DA:40,2
LF:19
LH:19
BRF:0
BRH:0
end_of_record
TN:
SF:src\db.ts
FNF:0
FNH:0
DA:1,2
DA:2,2
DA:12,2
LF:3
LH:3
BRF:0
BRH:0
end_of_record
TN:
SF:src\models\role.ts
FN:5,(anonymous_0)
FNF:1
FNH:1
FNDA:1,(anonymous_0)
DA:2,1
DA:5,1
DA:6,1
DA:7,1
DA:8,1
DA:10,1
DA:11,1
DA:12,2
DA:15,2
DA:18,1
DA:20,0
DA:21,0
DA:23,0
DA:26,1
LF:14
LH:11
BRDA:20,0,0,0
BRDA:20,0,1,0
BRF:2
BRH:0
end_of_record
TN:
SF:src\models\token.ts
FN:7,(anonymous_1)
FN:26,(anonymous_2)
FN:45,(anonymous_3)
FN:78,(anonymous_4)
FNF:4
FNH:4
FNDA:1,(anonymous_1)
FNDA:1,(anonymous_2)
FNDA:1,(anonymous_3)
FNDA:1,(anonymous_4)
DA:1,1
DA:2,1
DA:4,1
DA:7,1
DA:8,1
DA:9,1
DA:10,0
DA:11,1
DA:13,0
DA:14,0
DA:15,0
DA:21,0
DA:26,1
DA:27,1
DA:28,1
DA:29,0
DA:30,1
DA:32,0
DA:33,0
DA:34,0
DA:40,0
DA:45,1
DA:49,1
DA:50,1
DA:51,1
DA:52,3
DA:56,3
DA:59,1
DA:65,1
DA:67,1
DA:69,0
DA:70,0
DA:71,0
DA:73,0
DA:78,1
DA:82,1
DA:83,1
DA:84,1
DA:86,1
DA:92,1
DA:94,1
DA:99,0
DA:100,0
DA:101,0
DA:107,0
LF:45
LH:27
BRDA:9,0,0,0
BRDA:13,1,0,0
BRDA:13,1,1,0
BRDA:14,2,0,0
BRDA:14,2,1,0
BRDA:17,3,0,0
BRDA:17,3,1,0
BRDA:28,4,0,0
BRDA:32,5,0,0
BRDA:32,5,1,0
BRDA:33,6,0,0
BRDA:33,6,1,0
BRDA:36,7,0,0
BRDA:36,7,1,0
BRDA:70,8,0,0
BRDA:70,8,1,0
BRDA:99,9,0,0
BRDA:99,9,1,0
BRDA:100,10,0,0
BRDA:100,10,1,0
BRDA:103,11,0,0
BRDA:103,11,1,0
BRF:22
BRH:0
end_of_record
TN:
SF:src\models\user.ts
FN:20,(anonymous_0)
FN:51,(anonymous_1)
FN:74,(anonymous_2)
FN:106,(anonymous_3)
FN:127,(anonymous_4)
FN:172,(anonymous_5)
FNF:6
FNH:1
FNDA:0,(anonymous_0)
FNDA:0,(anonymous_1)
FNDA:0,(anonymous_2)
FNDA:0,(anonymous_3)
FNDA:0,(anonymous_4)
FNDA:3,(anonymous_5)
DA:10,1
DA:12,1
DA:16,1
DA:17,1
DA:18,1
DA:20,1
DA:23,0
DA:24,0
DA:25,0
DA:26,0
DA:28,0
DA:34,0
DA:36,0
DA:38,0
DA:40,0
DA:41,0
DA:42,0
DA:44,0
DA:47,0
DA:51,1
DA:52,0
DA:53,0
DA:54,0
DA:55,0
DA:56,0
DA:57,0
DA:60,0
DA:62,0
DA:64,0
DA:65,0
DA:67,0
DA:70,0
DA:74,1
DA:78,0
DA:79,0
DA:80,0
DA:86,0
DA:87,0
DA:88,0
DA:89,0
DA:92,0
DA:94,0
DA:96,0
DA:97,0
DA:99,0
DA:102,0
DA:106,1
DA:111,0
DA:112,0
DA:113,0
DA:114,0
DA:115,0
DA:116,0
DA:117,0
DA:126,0
DA:127,0
DA:130,0
DA:132,0
DA:133,0
DA:137,0
DA:138,0
DA:139,0
DA:143,0
DA:146,0
DA:153,0
DA:155,0
DA:158,0
DA:159,0
DA:161,0
DA:162,0
DA:163,0
DA:165,0
DA:168,0
DA:172,1
DA:175,3
DA:176,3
DA:177,3
DA:178,3
DA:179,3
DA:186,3
DA:192,3
DA:194,3
DA:201,3
DA:202,2
DA:203,2
DA:204,1
DA:205,1
DA:206,1
DA:207,1
DA:209,1
DA:210,1
DA:211,1
DA:214,1
DA:215,1
DA:218,1
DA:220,3
DA:222,3
DA:224,0
DA:225,0
DA:226,0
DA:228,0
DA:231,3
LF:102
LH:34
BRDA:41,0,0,0
BRDA:41,0,1,0
BRDA:64,1,0,0
BRDA:64,1,1,0
BRDA:96,2,0,0
BRDA:96,2,1,0
BRDA:132,3,0,0
BRDA:155,4,0,0
BRDA:155,4,1,0
BRDA:162,5,0,0
BRDA:162,5,1,0
BRDA:201,6,0,2
BRDA:201,6,1,1
BRDA:203,7,0,1
BRDA:203,7,1,1
BRDA:225,8,0,0
BRDA:225,8,1,0
BRF:17
BRH:4
end_of_record
TN:
SF:src\services\general.ts
FN:1,(anonymous_0)
FN:5,(anonymous_1)
FN:9,(anonymous_2)
FN:13,(anonymous_3)
FN:17,(anonymous_4)
FN:19,(anonymous_5)
FNF:6
FNH:0
FNDA:0,(anonymous_0)
FNDA:0,(anonymous_1)
FNDA:0,(anonymous_2)
FNDA:0,(anonymous_3)
FNDA:0,(anonymous_4)
FNDA:0,(anonymous_5)
DA:1,1
DA:2,0
DA:5,1
DA:6,0
DA:9,1
DA:10,0
DA:13,1
DA:14,0
DA:17,1
DA:18,0
DA:19,0
DA:20,0
DA:21,0
LF:13
LH:5
BRF:0
BRH:0
end_of_record
TN:
SF:src\services\queryDesigner.ts
FN:10,(anonymous_0)
FN:27,(anonymous_1)
FN:41,(anonymous_2)
FN:51,(anonymous_3)
FN:60,(anonymous_4)
FN:76,(anonymous_5)
FN:89,(anonymous_6)
FN:118,(anonymous_7)
FN:128,(anonymous_8)
FN:157,(anonymous_9)
FN:190,(anonymous_10)
FNF:11
FNH:6
FNDA:3,(anonymous_0)
FNDA:12,(anonymous_1)
FNDA:3,(anonymous_2)
FNDA:3,(anonymous_3)
FNDA:0,(anonymous_4)
FNDA:0,(anonymous_5)
FNDA:3,(anonymous_6)
FNDA:0,(anonymous_7)
FNDA:0,(anonymous_8)
FNDA:1,(anonymous_9)
FNDA:0,(anonymous_10)
DA:8,1
DA:10,1
DA:15,3
DA:16,3
DA:27,1
DA:32,12
DA:41,1
DA:45,3
DA:46,3
DA:51,1
DA:55,3
DA:60,1
DA:64,0
DA:65,0
DA:76,1
DA:80,0
DA:81,0
DA:89,1
DA:96,3
DA:101,3
DA:103,3
DA:104,3
DA:105,3
DA:109,3
DA:115,3
DA:118,1
DA:122,0
DA:123,0
DA:128,1
DA:134,0
DA:138,0
DA:140,0
DA:141,0
DA:144,0
DA:145,0
DA:148,0
DA:154,0
DA:157,1
DA:162,1
DA:163,1
DA:167,1
DA:169,1
DA:170,3
DA:173,1
DA:179,0
DA:180,0
DA:184,0
DA:190,1
DA:191,0
DA:192,0
DA:196,0
DA:197,0
DA:198,0
DA:202,0
LF:54
LH:31
BRDA:13,0,0,3
BRDA:16,1,0,3
BRDA:16,1,1,0
BRDA:17,2,0,3
BRDA:17,2,1,0
BRDA:19,3,0,0
BRDA:19,3,1,0
BRDA:23,4,0,0
BRDA:23,4,1,0
BRDA:32,5,0,3
BRDA:32,5,1,9
BRDA:46,6,0,1
BRDA:46,6,1,2
BRDA:55,7,0,1
BRDA:55,7,1,2
BRDA:65,8,0,0
BRDA:65,8,1,0
BRDA:81,9,0,0
BRDA:81,9,1,0
BRDA:94,10,0,3
BRDA:97,11,0,3
BRDA:97,11,1,0
BRDA:98,12,0,0
BRDA:98,12,1,3
BRDA:99,13,0,3
BRDA:99,13,1,0
BRDA:103,14,0,3
BRDA:123,15,0,0
BRDA:123,15,1,0
BRDA:179,16,0,0
BRDA:179,16,1,0
BRDA:192,17,0,0
BRDA:192,17,1,0
BRDA:196,18,0,0
BRDA:196,18,1,0
BRDA:197,19,0,0
BRDA:197,19,1,0
BRF:37
BRH:14
end_of_record
